app/build/intermediates/manifest_merge_blame_file/debug/manifest-merger-blame-debug-report.txt
1<?xml version="1.0" encoding="utf-8"?>
2<manifest xmlns:android="http://schemas.android.com/apk/res/android"
3    package="com.soul.android.single.world"
4    android:versionCode="1"
5    android:versionName="1.0" >
6
7    <uses-sdk
8        android:minSdkVersion="21"
8-->src/main/AndroidManifest.xml
9        android:targetSdkVersion="28" />
9-->src/main/AndroidManifest.xml
10
11    <uses-feature
11-->src/main/AndroidManifest.xml:5:5-7:35
12        android:glEsVersion="0x00020000"
12-->src/main/AndroidManifest.xml:6:9-41
13        android:required="true" />
13-->src/main/AndroidManifest.xml:7:9-32
14
15    <uses-permission android:name="android.permission.CAMERA" />
15-->src/main/AndroidManifest.xml:9:5-65
15-->src/main/AndroidManifest.xml:9:22-62
16    <uses-permission android:name="android.permission.READ_EXTERNAL_STORAGE" />
16-->src/main/AndroidManifest.xml:10:5-80
16-->src/main/AndroidManifest.xml:10:22-77
17    <uses-permission android:name="android.permission.WRITE_EXTERNAL_STORAGE" />
17-->src/main/AndroidManifest.xml:11:5-81
17-->src/main/AndroidManifest.xml:11:22-78
18
19    <application
19-->src/main/AndroidManifest.xml:13:5-35:19
20        android:allowBackup="true"
20-->src/main/AndroidManifest.xml:14:9-35
21        android:appComponentFactory="androidx.core.app.CoreComponentFactory"
21-->[androidx.core:core:1.3.1] AndroidManifest.xml:24:18-86
22        android:debuggable="true"
23        android:icon="@mipmap/ic_launcher"
23-->src/main/AndroidManifest.xml:15:9-43
24        android:label="@string/app_name"
24-->src/main/AndroidManifest.xml:16:9-41
25        android:roundIcon="@mipmap/ic_launcher_round"
25-->src/main/AndroidManifest.xml:17:9-54
26        android:supportsRtl="true"
26-->src/main/AndroidManifest.xml:18:9-35
27        android:testOnly="true"
28        android:theme="@style/AppTheme" >
28-->src/main/AndroidManifest.xml:19:9-40
29        <activity android:name="com.soul.android.single.world.MainActivity" >
29-->src/main/AndroidManifest.xml:20:9-26:20
29-->src/main/AndroidManifest.xml:20:19-47
30            <intent-filter>
30-->src/main/AndroidManifest.xml:21:13-25:29
31                <action android:name="android.intent.action.MAIN" />
31-->src/main/AndroidManifest.xml:22:17-69
31-->src/main/AndroidManifest.xml:22:25-66
32
33                <category android:name="android.intent.category.LAUNCHER" />
33-->src/main/AndroidManifest.xml:24:17-77
33-->src/main/AndroidManifest.xml:24:27-74
34            </intent-filter>
35        </activity>
36        <activity android:name="com.soul.android.single.world.camera.LiveCameraActivity" />
36-->src/main/AndroidManifest.xml:27:9-63
36-->src/main/AndroidManifest.xml:27:19-60
37        <activity android:name="com.soul.android.single.world.player.TextureVideoPlayerActivity" />
37-->src/main/AndroidManifest.xml:28:9-71
37-->src/main/AndroidManifest.xml:28:19-68
38        <activity android:name="com.soul.android.single.world.opengl.OpenGLDrawActivity" />
38-->src/main/AndroidManifest.xml:29:9-63
38-->src/main/AndroidManifest.xml:29:19-60
39        <activity android:name="com.soul.android.single.world.alpha.AlphaMovieActivity" />
39-->src/main/AndroidManifest.xml:30:9-62
39-->src/main/AndroidManifest.xml:30:19-59
40        <activity android:name="com.soul.android.single.world.codec.decode.DecodeActivity" />
40-->src/main/AndroidManifest.xml:31:9-65
40-->src/main/AndroidManifest.xml:31:19-62
41        <activity android:name="com.soul.android.single.world.opengl.yuv.YUVConvertActivity" />
41-->src/main/AndroidManifest.xml:32:9-67
41-->src/main/AndroidManifest.xml:32:19-64
42        <activity android:name="com.soul.android.single.world.opengl.vao.VaoActivity" />
42-->src/main/AndroidManifest.xml:33:9-60
42-->src/main/AndroidManifest.xml:33:19-57
43        <activity android:name="com.soul.android.single.world.opengl.fbo.FboActivity" />
43-->src/main/AndroidManifest.xml:34:9-60
43-->src/main/AndroidManifest.xml:34:19-57
44    </application>
45
46</manifest>